[Sunday/March 15/03/2026 22:15:36] /mnt/zen/complete/AVOP-121.mp4 | length=11047.033333333 | time=4461
[Sunday/March 15/03/2026 22:16:27] /mnt/zen/complete/(0)jdrama/[MagicStar] Iikoto Waruikoto [WEBDL] [1080p] [HULU] [JPN_SUB]/Iikoto.Waruikoto.EP01.1080p.HULU.WEB-DL.AAC2.0.H.264-MagicStar.mkv | length=2690.005 | time=729.496
[Sunday/March 15/03/2026 22:28:00] /mnt/zen/complete/(0)jdrama/[MagicStar] Higashino Keigo Special Drama - Setsuen Chase Part.1 [WEBDL] [1080p] [NHKP] [JPN_SUB]/Setsuen.Chase.Part.1.1080p.NHKP.WEB-DL.AAC2.0.H.264-MagicStar.mkv | length=4379.349 | time=1616.483
[Sunday/March 15/03/2026 22:31:24] /mnt/zen/complete/(0)jdrama/[MagicStar] Higashino Keigo Special Drama - Setsuen Chase Part.1 [WEBDL] [1080p] [NHKP] [JPN_SUB]/Setsuen.Chase.Part.1.1080p.NHKP.WEB-DL.AAC2.0.H.264-MagicStar.mkv | length=4379.349 | time=1813.213
[Monday/March 16/03/2026 20:05:44] /run/media/zen/HGST/torrent/temp/Specialist (2016)/Specialist ep03 (848x480 x264).mp4 | length=2816.9813333333 | time=40.874166666667
[Monday/March 16/03/2026 20:07:24] /mnt/zen/face/nude/IENE-170.mkv | length=9605.3057555556 | time=749.43855555556
[Monday/March 16/03/2026 20:07:42] /mnt/zen/face/nude/DLDSS-235.mkv | length=7224.9 | time=174.62133333333
[Monday/March 16/03/2026 20:09:56] /mnt/zen/face/nude/DLDSS-235.mkv | length=7224.9 | time=1647.7213333333
[Monday/March 16/03/2026 20:10:06] /mnt/zen/face/nude/DLDSS-235.mkv | length=7224.9 | time=1653.3213333333
[Monday/March 16/03/2026 20:24:13] /mnt/zen/face/nude/Hegre Videos (2024)/Hegre.24.01.09.A.Day.In.The.Life.Of.Taya.K.mp4 | length=3599.977 | time=1267.2
[Monday/March 16/03/2026 20:24:30] /mnt/zen/complete/(0)jdrama/[MagicStar] Higashino Keigo Special Drama - Setsuen Chase Part.1 [WEBDL] [1080p] [NHKP] [JPN_SUB]/Setsuen.Chase.Part.1.1080p.NHKP.WEB-DL.AAC2.0.H.264-MagicStar.mkv | length=4379.349 | time=1819.753
[Monday/March 16/03/2026 20:45:26] /mnt/zen/complete/Nana (2005) 🇯🇵 [2046187984].mp4 | length=6838.5550566893 | time=177.844
[Monday/March 16/03/2026 21:40:38] /run/media/zen/HGST/torrent/temp/Specialist (2016)/Specialist ep04 (848x480 x264).mp4 | length=2817.088 | time=382.71566666667
[Monday/March 16/03/2026 22:52:55] /run/media/zen/HGST/torrent/temp/Specialist (2016)/Specialist ep04 (848x480 x264).mp4 | length=2817.088 | time=2020.1181
[Monday/March 16/03/2026 23:03:31] /mnt/zen/face/nude/[unLimitedMuse.com] Milo Moire/Airbag Revealed.mp4 | length=392.68266666667 | time=392.63333333333
[Monday/March 16/03/2026 23:03:39] /mnt/zen/face/nude/[unLimitedMuse.com] Milo Moire/Airport Nipplegate.mp4 | length=372.24533333333 | time=366.23253333333
[Monday/March 16/03/2026 23:03:48] /mnt/zen/face/nude/[unLimitedMuse.com] Milo Moire/Aloha Fuerteventura.mp4 | length=518.18666666667 | time=518.15096666667
[Monday/March 16/03/2026 23:03:56] /mnt/zen/face/nude/[unLimitedMuse.com] Milo Moire/Amuse-Bouche.mp4 | length=618.45333333333 | time=275.98404166667
[Monday/March 16/03/2026 23:04:25] /mnt/zen/face/nude/BralessForever/Bonni - Backyard BBQ.mp4 | length=2577.3219954649 | time=1478.079
[Monday/March 16/03/2026 23:05:25] /mnt/zen/face/movie/Life On Top Complete Season 1 2 720pHDTV/Life On Top Season 2 720pHDTV/Life_On_Top_S2-Ready_To_Rock.mkv | length=1738.672 | time=99.899
[Monday/March 16/03/2026 23:05:54] /mnt/zen/face/beauty/小林ひとみ(小林瞳)合集/KHS-01  『禁断-喪服妻』 小林ひとみ.mpg | length=5291.3026777778 | time=1290.0358555556
[Tuesday/March 17/03/2026 19:21:03] /run/media/zen/HGST/torrent/temp/Specialist (2016)/Specialist ep05 (848x480 x264).mp4 | length=2816.9813333333 | time=265.9657
[Tuesday/March 17/03/2026 19:31:40] /run/media/zen/HGST/torrent/temp/Rinsho Hanzai Gakusha Himura Hideo no Suiri (2016)/Himura Hideo no Suiri ep01 (848x480 x264).mp4 | length=3504.64 | time=619.78583333333
[Wednesday/March 18/03/2026 01:10:33] /mnt/zen/complete/SDEN-017.H265.mp4 | length=21249.4 | time=18226.3
[Wednesday/March 18/03/2026 18:24:15] /mnt/zen/complete/EBWH-265-中文字幕/EBWH-265.mp4 | length=7035.3408541667 | time=4454.7413777778
[Wednesday/March 18/03/2026 18:24:46] /mnt/zen/complete/IENE-870.mp4 | length=8691.6239909297 | time=3276.9
[Wednesday/March 18/03/2026 18:27:44] /run/media/zen/HGST/torrent/temp/Rinsho Hanzai Gakusha Himura Hideo no Suiri (2016)/Himura Hideo no Suiri ep01 (848x480 x264).mp4 | length=3504.64 | time=1647.6793666667
[Wednesday/March 18/03/2026 20:29:44] /run/media/zen/HGST/torrent/temp/Rinsho Hanzai Gakusha Himura Hideo no Suiri (2016)/Himura Hideo no Suiri ep01 (848x480 x264).mp4 | length=3504.64 | time=3504.6344666667
[Thursday/March 19/03/2026 20:00:21] /run/media/zen/HGST/torrent/temp/Rinsho Hanzai Gakusha Himura Hideo no Suiri (2016)/Himura Hideo no Suiri ep02 (848x480 x264).mp4 | length=2773.12 | time=428.46136666667
[Thursday/March 19/03/2026 20:02:19] /mnt/zen/complete/JUY-034-中文字幕/JUY-034.mp4 | length=7092.7109977324 | time=1216.8
[Thursday/March 19/03/2026 20:14:35] /run/media/zen/HGST/torrent/temp/Rinsho Hanzai Gakusha Himura Hideo no Suiri (2016)/Himura Hideo no Suiri ep02 (848x480 x264).mp4 | length=2773.12 | time=1011.0767333333
[Thursday/March 19/03/2026 22:51:52] /run/media/zen/HGST/torrent/temp/Rinsho Hanzai Gakusha Himura Hideo no Suiri (2016)/Himura Hideo no Suiri ep02 (848x480 x264).mp4 | length=2773.12 | time=2680.0106666667
[Thursday/March 19/03/2026 23:47:44] /mnt/zen/complete/ZUKO-113.mp4 | length=7080.6666666667 | time=678.43333333333
[Friday/March 20/03/2026 18:56:51] /mnt/zen/complete/ZUKO-113.mp4 | length=7080.6666666667 | time=5383.9666666667
[Friday/March 20/03/2026 18:57:27] /mnt/zen/complete/ZUKO-110.mp4 | length=8967.2666666667 | time=6762.1333333333
[Friday/March 20/03/2026 19:03:00] /mnt/zen/complete/ZUKO-107.mp4 | length=12361.833333333 | time=1487
[Friday/March 20/03/2026 19:05:31] /mnt/zen/complete/ZUKO-104.mp4 | length=8997.3666666667 | time=4003.7666666667
[Friday/March 20/03/2026 19:05:56] /mnt/zen/complete/KISD-049.mp4 | length=8754.8666666667 | time=1206.9666666667
[Friday/March 20/03/2026 20:27:47] /mnt/zen/download/Vào hiệu sách live móc lồn bắn tung nước ra sàn - xNhau.mp4 | length=310.12 | time=310.08
[Friday/March 20/03/2026 20:27:49] /mnt/zen/download/đi dạo biển mà em còn cở chuồng mới chịu - phần 1 - xNhau.mp4 | length=176.2 | time=176.16
[Friday/March 20/03/2026 20:27:55] /mnt/zen/download/đi dạo biển mà em còn cở chuồng mới chịu - phần 2 - xNhau.mp4 | length=160.2 | time=160.16
[Friday/March 20/03/2026 20:31:19] /mnt/zen/download/Public phô dâm của em gái xinh đẹp trung quốc - xNhau.mp4 | length=121.88 | time=60.84
[Friday/March 20/03/2026 21:04:47] /mnt/zen/complete/(自然天体/少女天体/少女天体营 (1).mkv | length=293.118 | time=293.06
[Friday/March 20/03/2026 21:04:52] /mnt/zen/complete/(自然天体/少女天体/少女天体营 (1).mp4 | length=301.001001001 | time=243.20987654321
[Friday/March 20/03/2026 21:35:14] /mnt/zen/face/orgy/HUNTA-458.mkv | length=13926.041666667 | time=6107.188
[Saturday/March 21/03/2026 19:38:21] /mnt/zen/complete/VRTM-186.mp4 | length=8841.9729931973 | time=826.76666666667
[Saturday/March 21/03/2026 20:37:33] /run/media/zen/HGST/torrent/temp/Rinsho Hanzai Gakusha Himura Hideo no Suiri (2016)/Himura Hideo no Suiri ep03 (848x480 x264).mp4 | length=2773.12 | time=980.4795
[Saturday/March 21/03/2026 21:11:04] /run/media/zen/HGST/torrent/temp/Rinsho Hanzai Gakusha Himura Hideo no Suiri (2016)/Himura Hideo no Suiri ep03 (848x480 x264).mp4 | length=2773.12 | time=0
[Saturday/March 21/03/2026 23:29:24] /mnt/zen/complete/(自然天体/天体海滩/天体海滩特写.avi | length=5231.2312312312 | time=664.7981314648
[Saturday/March 21/03/2026 23:29:26] /run/media/zen/HGST/torrent/temp/Rinsho Hanzai Gakusha Himura Hideo no Suiri (2016)/Himura Hideo no Suiri ep03 (848x480 x264).mp4 | length=2773.12 | time=1091.2902
[Monday/March 30/03/2026 10:06:07] /mnt/zen/download/clip phô dâm đường phố của mấy con đĩ dâm dục - phần 1 - xNhau.mp4 | length=60.08 | time=60.04
[Monday/March 30/03/2026 10:06:18] /mnt/zen/download/clip phô dâm đường phố của mấy con đĩ dâm dục - phần 2 - xNhau.mp4 | length=93.08 | time=93.04
[Monday/March 30/03/2026 10:07:01] /mnt/zen/download/clip phô dâm đường phố của mấy con đĩ dâm dục - phần 3 - xNhau.mp4 | length=296.08 | time=296.04
[Monday/March 30/03/2026 10:07:05] /mnt/zen/download/clip phô dâm đường phố của mấy con đĩ dâm dục - phần 5 - xNhau.mp4 | length=359.2 | time=359.16
[Monday/March 30/03/2026 10:07:08] /mnt/zen/download/Cô gái khoe lồn vú trong trung tâm thương mại - xNhau.mp4 | length=125.8 | time=125.76
[Monday/March 30/03/2026 10:07:14] /mnt/zen/download/Cô gái ở chuồng ra khỏi xe khi dừng đèn đỏ - xNhau.mp4 | length=56.72 | time=4.48
[Monday/March 30/03/2026 10:07:31] /mnt/zen/download/Cô gái khoe lồn vú trong trung tâm thương mại - xNhau.mp4 | length=125.8 | time=115.8
[Monday/March 30/03/2026 10:07:41] /mnt/zen/download/Dâm nữ mình dây mặc đồ lưới khoe thân đi dạo ra đường lớn show hàng - xNhau.mp4 | length=108.53 | time=108.44
[Monday/March 30/03/2026 10:07:51] /mnt/zen/download/Em gái thủ dâm với view biển đảo cực chill - xNhau.mp4 | length=537.12 | time=537.08
[Monday/March 30/03/2026 10:08:18] /mnt/zen/download/Game show thỏa thân cầu trượt cực dâm - xNhau.mp4 | length=468.12 | time=306.84
[Monday/March 30/03/2026 10:08:31] /mnt/zen/download/Hồi hộp quay phim cho vợ thủ dâm ngoài đường - xNhau.mp4 | length=493.92 | time=493.88
[Monday/March 30/03/2026 10:08:38] /mnt/zen/download/Hồi hộp quay phim cho vợ thủ dâm ngoài đường p2 - xNhau.mp4 | length=449.84099773243 | time=449.8
[Monday/March 30/03/2026 10:08:42] /mnt/zen/download/Khoả thân trên đường phố đông người - xNhau.mp4 | length=450.64 | time=450.6
[Monday/March 30/03/2026 10:08:53] /mnt/zen/download/Ngực trần trong đám cưới VN thời xưa - xNhau.mp4 | length=175.96 | time=175.92
[Monday/March 30/03/2026 10:09:06] /mnt/zen/download/Những cô gái show nơi công cộng P17 - xNhau.mp4 | length=1462.6 | time=1462.56
[Monday/March 30/03/2026 10:09:08] /mnt/zen/download/Public phô dâm của em gái xinh đẹp trung quốc - xNhau.mp4 | length=121.88 | time=121.84
[Monday/March 30/03/2026 10:09:12] /mnt/zen/download/ra công viên public cùng bé sinh viên kính cận - phần 1 - xNhau.mp4 | length=32.8 | time=3.2
[Monday/March 30/03/2026 10:09:25] /mnt/zen/download/Public phô dâm của em gái xinh đẹp trung quốc - xNhau.mp4 | length=121.88 | time=79.24
[Monday/March 30/03/2026 10:09:31] /mnt/zen/download/Tết người ta về quên hết ở chuồng đi khắp nơi trong phòng trọ - xNhau.mp4 | length=117.24 | time=5
[Monday/March 30/03/2026 10:09:36] /mnt/zen/download/đi dạo biển mà em còn cở chuồng mới chịu - phần 1 - xNhau.mp4 | length=176.2 | time=94.84
[Monday/March 30/03/2026 19:46:16] /mnt/zen/complete/(自然天体/天体海滩/全裸天体营.avi | length=1288.5218551885 | time=245.74574574575
[Tuesday/March 31/03/2026 19:04:42] /home/zen/Downloads/AEGE-058.H265.mp4 | length=7761.6428333333 | time=458.1
