1734100735,,,/home/ntdtimshel/Downloads/Video/MXGS-581.mkv,58
1734106578,36,Im.Home.E02.480p.HDTV.x264.AAC-HiyeE,/run/media/ntdtimshel/HGST/qtorrent/Japanese Drama Collection H-M/I'm Home (2015)/I'm Home EP02 720p HDTV x264 AAC-DoA.mkv,173
1734184237,,,/run/media/ntdtimshel/HGST/qtorrent/Japanese Drama Collection H-M/H2 (2005)/h2_j_drama_01.mkv,106
1734192331,,,/run/media/ntdtimshel/HGST/qtorrent/Japanese Drama Collection H-M/Hatsukoi (2012)/Hatsukoi.E01[STAY GOLD].mp4,122
1734220557,,,/run/media/ntdtimshel/HGST/qtorrent/Japanese Drama Collection H-M/H2 (2005)/h2_j_drama_01.mkv,106
1734221410,43,Kekkon Dekinai Otoko EP06 720p HDTV x265-ER,/run/media/ntdtimshel/HGST/qtorrent/Japanese Drama Collection H-M/Kekkon Dekinai Otoko (2006)/Kekkon Dekinai Otoko EP06 720p HDTV x265-ER.mkv,199
1734373018,,,/run/media/ntdtimshel/HGST/qtorrent/Japanese Drama Collection H-M/Ikebukuro West Gate Park (2000)/Ikebukuro_West_Gate_Park_07.mkv,142
1734456901,,,/run/media/ntdtimshel/HGST/qtorrent/Japanese Drama Collection H-M/H2 (2005)/h2_j_drama_02.mkv,106
1734614514,,,/run/media/ntdtimshel/HGST/qtorrent/Japanese Drama Collection H-M/Heaven's Coin (1995)/Heavens Coins 01.mkv,120
1734615124,,,/run/media/ntdtimshel/HGST/qtorrent/Japanese Drama Collection H-M/Kakafukaka (2019)/Kakafukaka.Kojirase.Otona.no.Share.House.E01.mp4,145
1734627793,,,/home/ntdtimshel/Downloads/Video/OIGS-002.mkv,58
1734701754,60,It's.Only.Little.Light.In.My.Life.S02E02.2010.BR720P.x265-ER,/run/media/ntdtimshel/HGST/qtorrent/Japanese Drama Collection H-M/Hotaru no Hikari (2007-2010) (Glow of Fireflies)/Hotaru no Hikari 2 (2010)/Its.Only.Little.Light.In.My.Life.S02E02.mkv,259
1734701944,60,It's.Only.Little.Light.In.My.Life.S02E02.2010.BR720P.x265-ER,/run/media/ntdtimshel/HGST/qtorrent/Japanese Drama Collection H-M/Hotaru no Hikari (2007-2010) (Glow of Fireflies)/Hotaru no Hikari 2 (2010)/Its.Only.Little.Light.In.My.Life.S02E02.mkv,259
1734702019,,,/run/media/ntdtimshel/HGST/qtorrent/Japanese Drama Collection H-M/Heaven's Coin (1995)/Heavens Coins 01.mkv,120
1734703800,,,/run/media/ntdtimshel/HGST/qtorrent/Japanese Drama Collection H-M/Heaven's Coin (1995)/Heavens Coins 12 finale.mkv,127
1734703936,,,/run/media/ntdtimshel/HGST/qtorrent/Japanese Drama Collection H-M/Innocent Love (2008)/querbeet.Innocent.Love.Ep01.mkv,131
1734711148,,,/home/ntdtimshel/Downloads/Video/RCTD-634 .mkv,59
1734714067,,,/home/ntdtimshel/video_2024-12-20_23-40-01.mp4,59
1734745962,43,Kekkon Dekinai Otoko EP08 720p HDTV x265-ER,/run/media/ntdtimshel/HGST/qtorrent/Japanese Drama Collection H-M/Kekkon Dekinai Otoko (2006)/Kekkon Dekinai Otoko EP08 720p HDTV x265-ER.mkv,199
1734767106,,,/home/ntdtimshel/Downloads/Video/RCTD-634 .mkv,59
1734767993,,,/run/media/ntdtimshel/HGST/qtorrent/Japanese Drama Collection H-M/Higashino Keigo Mysteries (2012)/Higashino.keigo.mysteries.E01.mp4,145
1734768323,,,/run/media/ntdtimshel/HGST/qtorrent/Japanese Drama Collection H-M/Higashino Keigo Mysteries (2012)/Higashino.keigo.mysteries.E09.mp4,145
1734770513,,,/run/media/ntdtimshel/HGST/qtorrent/Japanese Drama Collection H-M/Koukou Kyoushi (2003)/Koukou_Kyoushi_2003_03.mkv,127
1734846614,,,/run/media/ntdtimshel/HGST/qtorrent/Japanese Drama Collection H-M/Heaven's Coin (1995)/Heavens Coins 01.mkv,120
1734854109,,,/home/ntdtimshel/Downloads/Video/11421529-720p.mp4,63
1734854165,,,/home/ntdtimshel/Downloads/Video/anh-gai-xinh-lo-clip-169.jpg,74
1734854632,,,/home/ntdtimshel/Downloads/Video/12989859-480p.mp4,63
1734854717,,,/home/ntdtimshel/Downloads/Video/anh-gai-xinh-lo-clip-169.jpg,74
1734861188,,,/run/media/ntdtimshel/HGST/torrent/Japanese Drama Collection H-M/HERO (2001)/hero_j_drama_01.mkv,109
1734861258,,,/run/media/ntdtimshel/HGST/torrent/Japanese Drama Collection H-M/HERO (2001)/hero_j_drama_02.mkv,109
1734861292,,,/run/media/ntdtimshel/HGST/torrent/Japanese Drama Collection H-M/Hidarime Tantei Eye (2010)/Hidarime Tantei Eye 01.mp4,131
1734862544,,,/run/media/ntdtimshel/HGST/torrent/Japanese Drama Collection H-M/Heaven's Coin (1995)/Heavens Coins 01.mkv,119
1734960883,,,/run/media/ntdtimshel/HGST/torrent/Japanese Drama Collection H-M/Heaven's Coin (1995)/Heavens Coins 01.mkv,119
1734961022,,,/run/media/ntdtimshel/HGST/torrent/Japanese Drama Collection H-M/Heaven's Coin (1995)/Heavens Coins 01.mkv,119
1734961248,,,/run/media/ntdtimshel/HGST/torrent/Japanese Drama Collection H-M/Heaven's Coin (1995)/Heavens Coins 01.mkv,119
1734961317,,,/run/media/ntdtimshel/HGST/torrent/Japanese Drama Collection H-M/Heaven's Coin (1995)/Heavens Coins 01.mkv,119
1734961523,,,/run/media/ntdtimshel/HGST/torrent/Japanese Drama Collection H-M/Heaven's Coin (1995)/Heavens Coins 01.mkv,119
1734961737,,,/run/media/ntdtimshel/HGST/torrent/Japanese Drama Collection H-M/Heaven's Coin (1995)/Heavens Coins 01.mkv,119
1734965523,,,/run/media/ntdtimshel/HGST/torrent/Japanese Drama Collection H-M/Heaven's Coin (1995)/Heavens Coins 01.mkv,119
1734965580,,,/run/media/ntdtimshel/HGST/torrent/Japanese Drama Collection H-M/Heaven's Coin (1995)/Heavens Coins 01.mkv,119
1734966196,43,Kekkon Dekinai Otoko EP02 720p HDTV x265-ER,/run/media/ntdtimshel/HGST/torrent/Japanese Drama Collection H-M/Kekkon Dekinai Otoko (2006)/Kekkon Dekinai Otoko EP02 720p HDTV x265-ER.mkv,198
1734967991,8,Avidemux,/run/media/ntdtimshel/HGST/torrent/Japanese Drama Collection H-M/Love Shuffle (2009)/[Querbeet] Love Shuffle 01 (704x396 DivX+).mkv,153
1734985425,,,/run/media/ntdtimshel/HGST/torrent/Japanese Drama Collection H-M/Kazoku (2006)/Kazoku_01.mp4,105
1734989120,,,/run/media/ntdtimshel/HGST/torrent/Japanese Drama Collection H-M/Higanbana - Keishicho Sosa Nana ka (2016)/Higanbana ep01 (848x480 x264).mp4,153
1734989856,,,/run/media/ntdtimshel/HGST/torrent/Japanese Drama Collection H-M/Keizoku 2 SPEC (2010)/Keizoku 2 SPEC E01.mkv,122
1734989865,,,/run/media/ntdtimshel/HGST/torrent/Japanese Drama Collection H-M/Keizoku 2 SPEC (2010)/Keizoku 2 SPEC E02.mkv,122
1734989960,,,/run/media/ntdtimshel/HGST/torrent/Japanese Drama Collection H-M/Hajimete Koi wo Shita Hi ni Yomu Hanashi (2019)/Hajimete Koi wo Shita Hi ni Yomu Hanashi 720p EP10 Finale [EN][Blitz].mkv,199
1735049117,,,/run/media/ntdtimshel/HGST/torrent/Japanese Drama Collection H-M/Miss Sherlock (2018)/Miss Sherlock EP01 720p x264 AAC-AOZ.MP4,139
1735049284,37,Kaito Yamaneko EP01 720p HDTV x265-ER,/run/media/ntdtimshel/HGST/torrent/Japanese Drama Collection H-M/Kaitou Tantei Yamaneko (2016)/Kaito Yamaneko EP01 720p HDTV x265-ER.mkv,188
1735049502,41,Kaito Yamaneko EP10 End 720p HDTV x265-ER,/run/media/ntdtimshel/HGST/torrent/Japanese Drama Collection H-M/Kaitou Tantei Yamaneko (2016)/Kaito Yamaneko EP10 End 720p HDTV x265-ER.mkv,196
1735050948,41,Kaito Yamaneko EP10 End 720p HDTV x265-ER,/run/media/ntdtimshel/HGST/torrent/Japanese Drama Collection H-M/Kaitou Tantei Yamaneko (2016)/Kaito Yamaneko EP10 End 720p HDTV x265-ER.mkv,196
1735051525,37,Kaito Yamaneko EP05 720p HDTV x265-ER,/run/media/ntdtimshel/HGST/torrent/Japanese Drama Collection H-M/Kaitou Tantei Yamaneko (2016)/Kaito Yamaneko EP05 720p HDTV x265-ER.mkv,188
1735051565,37,Kaito Yamaneko EP05 720p HDTV x265-ER,/run/media/ntdtimshel/HGST/torrent/Japanese Drama Collection H-M/Kaitou Tantei Yamaneko (2016)/Kaito Yamaneko EP05 720p HDTV x265-ER.mkv,188
1735051694,37,Kaito Yamaneko EP02 720p HDTV x265-ER,/run/media/ntdtimshel/HGST/torrent/Japanese Drama Collection H-M/Kaitou Tantei Yamaneko (2016)/Kaito Yamaneko EP02 720p HDTV x265-ER.mkv,188
1735051768,37,Kaito Yamaneko EP02 720p HDTV x265-ER,/run/media/ntdtimshel/HGST/torrent/Japanese Drama Collection H-M/Kaitou Tantei Yamaneko (2016)/Kaito Yamaneko EP02 720p HDTV x265-ER.mkv,188
1735051873,37,Kaito Yamaneko EP02 720p HDTV x265-ER,/run/media/ntdtimshel/HGST/torrent/Japanese Drama Collection H-M/Kaitou Tantei Yamaneko (2016)/Kaito Yamaneko EP02 720p HDTV x265-ER.mkv,188
1735052582,,,/run/media/ntdtimshel/HGST/torrent/Japanese Drama Collection H-M/Kakafukaka (2019)/Kakafukaka.Kojirase.Otona.no.Share.House.E02.mp4,144
1735052642,,,/run/media/ntdtimshel/HGST/torrent/Japanese Drama Collection H-M/Kakafukaka (2019)/Kakafukaka.Kojirase.Otona.no.Share.House.E04.mp4,144
1735052738,,,/run/media/ntdtimshel/HGST/torrent/Japanese Drama Collection H-M/Karamazov no Kyodai (2013)/karamazov_no_kyoudai.ep01.farah.mkv,140
1735052846,41,いつか陽のあたる場所で 第2回,/run/media/ntdtimshel/HGST/torrent/Japanese Drama Collection H-M/Itsuka Hi no Ataru Basho de (2013)/Itsuka Hi No Ataru Basho E02.mkv,188
1735052877,41,いつか陽のあたる場所で 第3回,/run/media/ntdtimshel/HGST/torrent/Japanese Drama Collection H-M/Itsuka Hi no Ataru Basho de (2013)/Itsuka Hi No Ataru Basho E03.mkv,188
1735052982,41,いつか陽のあたる場所で 第3回,/run/media/ntdtimshel/HGST/torrent/Japanese Drama Collection H-M/Itsuka Hi no Ataru Basho de (2013)/Itsuka Hi No Ataru Basho E03.mkv,188
1735053390,41,いつか陽のあたる場所で 第3回,/run/media/ntdtimshel/HGST/torrent/Japanese Drama Collection H-M/Itsuka Hi no Ataru Basho de (2013)/Itsuka Hi No Ataru Basho E03.mkv,188
1735053400,41,いつか陽のあたる場所で 第5回,/run/media/ntdtimshel/HGST/torrent/Japanese Drama Collection H-M/Itsuka Hi no Ataru Basho de (2013)/Itsuka Hi No Ataru Basho E05.mkv,188
1735053424,37,Kaito Yamaneko EP02 720p HDTV x265-ER,/run/media/ntdtimshel/HGST/torrent/Japanese Drama Collection H-M/Kaitou Tantei Yamaneko (2016)/Kaito Yamaneko EP02 720p HDTV x265-ER.mkv,188
1735053434,41,Kaito Yamaneko EP10 End 720p HDTV x265-ER,/run/media/ntdtimshel/HGST/torrent/Japanese Drama Collection H-M/Kaitou Tantei Yamaneko (2016)/Kaito Yamaneko EP10 End 720p HDTV x265-ER.mkv,196
1735053446,37,Kaito Yamaneko EP09 720p HDTV x265-ER,/run/media/ntdtimshel/HGST/torrent/Japanese Drama Collection H-M/Kaitou Tantei Yamaneko (2016)/Kaito Yamaneko EP09 720p HDTV x265-ER.mkv,188
1735053502,,,/run/media/ntdtimshel/HGST/torrent/Japanese Drama Collection H-M/Kazoku (2006)/Kazoku_01.mp4,105
1735053569,,,/run/media/ntdtimshel/HGST/torrent/Japanese Drama Collection H-M/Kazoku (2006)/Kazoku_01.mp4,105
1735053600,,,/run/media/ntdtimshel/HGST/torrent/Japanese Drama Collection H-M/Kazoku Game (2013)/Kazoku Game ep01 (848x480 x264).mp4,132
1735054723,52,過保護のカホコ 第1話 720p HDTV x264 AAC-DoA,/run/media/ntdtimshel/HGST/torrent/Japanese Drama Collection H-M/Kahogo no Kahoko (2017)/Kahogo.no.Kahoko.2017.E01.mkv,185
1735055149,37,Hanzawa.Naoki.E10.2013.BR720P.x265-ER,/run/media/ntdtimshel/HGST/torrent/Japanese Drama Collection H-M/Hanzawa Naoki (2013)/Hanzawa.Naoki.E10.2013.BR720P.x265-ER.mkv,179
1735131954,,,/run/media/ntdtimshel/HGST/torrent/Japanese Drama Collection H-M/Joker Yurusarezaru Sousakan (2010)/Joker.e03.hdtv.x264.aac-chdtv.mkv,146
1735131961,,,/run/media/ntdtimshel/HGST/torrent/Japanese Drama Collection H-M/Joker Yurusarezaru Sousakan (2010)/Joker.e04.hdtv.x264.aac-chdtv.mkv,146
1735131970,41,いつか陽のあたる場所で 第1回,/run/media/ntdtimshel/HGST/torrent/Japanese Drama Collection H-M/Itsuka Hi no Ataru Basho de (2013)/Itsuka Hi No Ataru Basho E01.mkv,188
1735132070,,,/run/media/ntdtimshel/HGST/torrent/Japanese Drama Collection H-M/Legal High (2012-2013)/Legal High (2012)/Legal_High_01_viwicat.mkv,144
1735132428,27,HOPE EP01 720p HDTV x265-ER,/run/media/ntdtimshel/HGST/torrent/Japanese Drama Collection H-M/Hope (2016)/HOPE EP01 720p HDTV x265-ER.mkv,150
1735133074,28,ieuru EP01 720p HDTV x265-ER,/run/media/ntdtimshel/HGST/torrent/Japanese Drama Collection H-M/Ie Uru Onna (2016-2019)/Ie Uru Onna (2016)/Ie Uru Onna EP01 720p HDTV x265-ER.mkv,189
1735133090,28,ieuru EP01 720p HDTV x265-ER,/run/media/ntdtimshel/HGST/torrent/Japanese Drama Collection H-M/Ie Uru Onna (2016-2019)/Ie Uru Onna (2016)/Ie Uru Onna EP01 720p HDTV x265-ER.mkv,189
1735133365,37,Hanzawa.Naoki.E01.2013.BR720P.x265-ER,/run/media/ntdtimshel/HGST/torrent/Japanese Drama Collection H-M/Hanzawa Naoki (2013)/Hanzawa.Naoki.E01.2013.BR720P.x265-ER.mkv,179
1735134019,,,/run/media/ntdtimshel/HGST/torrent/Japanese Drama Collection H-M/Higanbana - Keishicho Sosa Nana ka (2016)/Higanbana ep02 (848x480 x264).mp4,153
1735139834,,,/run/media/ntdtimshel/HGST/torrent/Japanese Drama Collection H-M/Ie Uru Onna (2016-2019)/Ie Uru Onna no Gyakushu (2019)/Ie Uru Onna no Gyakushu ep10 end (848x480 x264 AAC).mp4,188
1735139855,36,Ie Uru Onna ep10 finale 720p x265-ER,/run/media/ntdtimshel/HGST/torrent/Japanese Drama Collection H-M/Ie Uru Onna (2016-2019)/Ie Uru Onna (2016)/Ie Uru Onna ep10 finale 720p x265-ER.mkv,199
1735171873,41,Kaito Yamaneko EP10 End 720p HDTV x265-ER,/run/media/ntdtimshel/HGST/torrent/Japanese Drama Collection H-M/Kaitou Tantei Yamaneko (2016)/Kaito Yamaneko EP10 End 720p HDTV x265-ER.mkv,196
1735227688,,,/run/media/ntdtimshel/HGST/torrent/Japanese Drama Collection H-M/Messiah Eisei no Shou (2015)/Messiah_ Eisei no Shou - Episode 1 (480p_30fps_H264-128kbit_AAC).mp4,175
1735232173,36,Juhan Shuttai EP01 720p HDTV x265-ER,/run/media/ntdtimshel/HGST/torrent/Japanese Drama Collection H-M/Juhan Shuttai! (2016)/Juhan Shuttai EP01 720p HDTV x265-ER.mkv,178
1735387717,,,/run/media/ntdtimshel/HGST/torrent/Japanese Drama Collection N-Z/Priceless (2012)/Priceless.ep01.mkv,113
1735388586,,,/run/media/ntdtimshel/HGST/torrent/Japanese Drama Collection N-Z/Priceless (2012)/Priceless.ep01.mkv,113
1735402873,,,/run/media/ntdtimshel/HGST/qtorrent/[MagicStar] HERO 2001 [WEBDL] [1080p] [AMZN]/HERO.2001.EP01.1080p.AMZN.WEB-DL.DDP2.0.H.264-MagicStar.mkv,153
1735402947,,,/run/media/ntdtimshel/HGST/torrent/Japanese Drama Collection N-Z/Priceless (2012)/Priceless.ep01.mkv,113
1735403891,,,/run/media/ntdtimshel/HGST/torrent/Japanese Drama Collection N-Z/Priceless (2012)/Priceless.ep10.end.mkv,117
1735445569,,,/run/media/ntdtimshel/HGST/torrent/Japanese Drama Collection N-Z/Priceless (2012)/Priceless.ep02.mkv,113
1735449113,43,Kekkon Dekinai Otoko EP01 720p HDTV x265-ER,/run/media/ntdtimshel/HGST/torrent/Japanese Drama Collection H-M/Kekkon Dekinai Otoko (2006)/Kekkon Dekinai Otoko EP01 720p HDTV x265-ER.mkv,198
1735449519,,,/run/media/ntdtimshel/HGST/torrent/Japanese Drama Collection H-M/Koinaka (2015)/Koinaka 06.mkv,107
1735449570,,,/run/media/ntdtimshel/HGST/torrent/Japanese Drama Collection H-M/Haha ni Naru (2017)/Haha ni Naru ep01 (848x480 x264 AAC).mp4,138
1735449573,,,/run/media/ntdtimshel/HGST/torrent/Japanese Drama Collection H-M/Haha ni Naru (2017)/Haha ni Naru ep01 (848x480 x264 AAC).mp4,138
1735450116,,,/run/media/ntdtimshel/HGST/torrent/Japanese Drama Collection H-M/Koinaka (2015)/Koinaka 05.mkv,107
1735457246,,,/run/media/ntdtimshel/HGST/torrent/Japanese Drama Collection H-M/Hajimete Koi wo Shita Hi ni Yomu Hanashi (2019)/Hajimete Koi wo Shita Hi ni Yomu Hanashi 720p EP04 [EN][Blitz].mkv,192
1735480663,,,/run/media/ntdtimshel/HGST/torrent/Japanese Drama Collection H-M/Ie Uru Onna (2016-2019)/Ie Uru Onna no Gyakushu (2019)/Ie Uru Onna no Gyakushu ep01 (848x480 x264 AAC).mp4,184
1735481663,,,/run/media/ntdtimshel/HGST/qtorrent/[MagicStar] Kemono ni Narenai Watashitachi [WEBDL] [1080p] [AMZN] [JPN_ENG_CHS_CHT_SUB]/Kemono.ni.Narenai.Watashitachi.EP01.1080p.AMZN.WEB-DL.DDP2.0.H.264-MagicStar.mkv,217
1735560384,,,/run/media/ntdtimshel/HGST/qtorrent/[MagicStar] Kemono ni Narenai Watashitachi [WEBDL] [1080p] [AMZN] [JPN_ENG_CHS_CHT_SUB]/Kemono.ni.Narenai.Watashitachi.EP02.1080p.AMZN.WEB-DL.DDP2.0.H.264-MagicStar.mkv,217
1735560513,,,/run/media/ntdtimshel/HGST/torrent/Japanese Drama Collection N-Z/Priceless (2012)/Priceless.ep03.mkv,113
1735561500,,,/run/media/ntdtimshel/HGST/torrent/Japanese Drama Collection N-Z/Priceless (2012)/Priceless.ep04.mkv,113
1735562405,,,/run/media/ntdtimshel/HGST/torrent/Japanese Drama Collection N-Z/Priceless (2012)/Priceless.ep05.mkv,113
1735562796,,,/run/media/ntdtimshel/HGST/torrent/Japanese Drama Collection N-Z/Priceless (2012)/Priceless.ep06.mkv,113
1735563714,,,/run/media/ntdtimshel/HGST/torrent/Japanese Drama Collection N-Z/Priceless (2012)/Priceless.ep07.mkv,113
1735563908,,,/run/media/ntdtimshel/HGST/torrent/Japanese Drama Collection N-Z/Priceless (2012)/Priceless.ep08.mkv,113
1735564099,,,/run/media/ntdtimshel/HGST/torrent/Japanese Drama Collection N-Z/Priceless (2012)/Priceless.ep09.mkv,113
1735564247,,,/run/media/ntdtimshel/HGST/torrent/Japanese Drama Collection N-Z/Priceless (2012)/Priceless.ep10.end.mkv,117
1735694268,,,/run/media/ntdtimshel/HGST/qtorrent/[MagicStar] The Confidence Man JP [WEBDL] [1080p] [Netflix] [JPN_ENG_CHT_SUB]/The.Confidence.Man.JP.EP01.1080p.NF.WEB-DL.AAC2.0.H.264-MagicStar.mkv,196
1735747120,,,/run/media/ntdtimshel/HGST/torrent/[MagicStar] The Confidence Man JP [WEBDL] [1080p] [Netflix] [JPN_ENG_CHT_SUB]/The.Confidence.Man.JP.EP01.1080p.NF.WEB-DL.AAC2.0.H.264-MagicStar.mkv,195
1735823711,,,/run/media/ntdtimshel/HGST/torrent/[MagicStar] The Confidence Man JP [WEBDL] [1080p] [Netflix] [JPN_ENG_CHT_SUB]/The.Confidence.Man.JP.EP02.1080p.NF.WEB-DL.AAC2.0.H.264-MagicStar.mkv,195
1735830849,,,/run/media/ntdtimshel/HGST/torrent/[MagicStar] The Confidence Man JP [WEBDL] [1080p] [Netflix] [JPN_ENG_CHT_SUB]/The.Confidence.Man.JP.EP02.1080p.NF.WEB-DL.AAC2.0.H.264-MagicStar.mkv,195
1735911296,,,/run/media/ntdtimshel/HGST/torrent/[MagicStar] Kurosagi 2022 [WEBDL] [1080p] [AMZN] [JPN_ENG_CHT_SUB]/Kurosagi.2022.EP01.1080p.AMZN.WEB-DL.DDP2.0.H.264-MagicStar.mkv,178
1735911405,,,/run/media/ntdtimshel/HGST/torrent/[MagicStar] Kurosagi 2022 [WEBDL] [1080p] [AMZN] [JPN_ENG_CHT_SUB]/Kurosagi.2022.EP01.1080p.AMZN.WEB-DL.DDP2.0.H.264-MagicStar.mkv,178
1735911580,,,/run/media/ntdtimshel/HGST/torrent/[MagicStar] Kurosagi 2022 [WEBDL] [1080p] [AMZN] [JPN_ENG_CHT_SUB]/Kurosagi.2022.EP01.1080p.AMZN.WEB-DL.DDP2.0.H.264-MagicStar.mkv,178
1735911589,,,/run/media/ntdtimshel/HGST/torrent/[MagicStar] Kurosagi 2022 [WEBDL] [1080p] [AMZN] [JPN_ENG_CHT_SUB]/Kurosagi.2022.EP02.1080p.AMZN.WEB-DL.DDP2.0.H.264-MagicStar.mkv,178
1735911708,,,/run/media/ntdtimshel/HGST/torrent/[MagicStar] Kurosagi 2022 [WEBDL] [1080p] [AMZN] [JPN_ENG_CHT_SUB]/Kurosagi.2022.EP03.1080p.AMZN.WEB-DL.DDP2.0.H.264-MagicStar.mkv,178
1735911929,,,/run/media/ntdtimshel/HGST/torrent/[MagicStar] Kurosagi 2022 [WEBDL] [1080p] [AMZN] [JPN_ENG_CHT_SUB]/Kurosagi.2022.EP01.1080p.AMZN.WEB-DL.DDP2.0.H.264-MagicStar.mkv,178
1735912453,,,/run/media/ntdtimshel/HGST/torrent/[MagicStar] Kurosagi 2022 [WEBDL] [1080p] [AMZN] [JPN_ENG_CHT_SUB]/Kurosagi.2022.EP01.1080p.AMZN.WEB-DL.DDP2.0.H.264-MagicStar.mkv,178
1735912506,37,Hanzawa.Naoki.E01.2013.BR720P.x265-ER,/run/media/ntdtimshel/HGST/torrent/Japanese Drama Collection H-M/Hanzawa Naoki (2013)/Hanzawa.Naoki.E01.2013.BR720P.x265-ER.mkv,179
1735913601,37,Hanzawa.Naoki.E01.2013.BR720P.x265-ER,/run/media/ntdtimshel/HGST/torrent/Japanese Drama Collection H-M/Hanzawa Naoki (2013)/Hanzawa.Naoki.E01.2013.BR720P.x265-ER.mkv,179
1735913689,37,Hanzawa.Naoki.E01.2013.BR720P.x265-ER,/run/media/ntdtimshel/HGST/torrent/Japanese Drama Collection H-M/Hanzawa Naoki (2013)/Hanzawa.Naoki.E01.2013.BR720P.x265-ER.mkv,179
1735914784,37,Hanzawa.Naoki.E01.2013.BR720P.x265-ER,/run/media/ntdtimshel/HGST/torrent/Japanese Drama Collection H-M/Hanzawa Naoki (2013)/Hanzawa.Naoki.E01.2013.BR720P.x265-ER.mkv,179
1735915376,37,Hanzawa.Naoki.E01.2013.BR720P.x265-ER,/run/media/ntdtimshel/HGST/torrent/Japanese Drama Collection H-M/Hanzawa Naoki (2013)/Hanzawa.Naoki.E01.2013.BR720P.x265-ER.mkv,179
1735916315,37,Hanzawa.Naoki.E01.2013.BR720P.x265-ER,/run/media/ntdtimshel/HGST/torrent/Japanese Drama Collection H-M/Hanzawa Naoki (2013)/Hanzawa.Naoki.E01.2013.BR720P.x265-ER.mkv,179
1735916388,37,Hanzawa.Naoki.E01.2013.BR720P.x265-ER,/run/media/ntdtimshel/HGST/torrent/Japanese Drama Collection H-M/Hanzawa Naoki (2013)/Hanzawa.Naoki.E01.2013.BR720P.x265-ER.mkv,179
1735916597,37,Hanzawa.Naoki.E01.2013.BR720P.x265-ER,/run/media/ntdtimshel/HGST/torrent/Japanese Drama Collection H-M/Hanzawa Naoki (2013)/Hanzawa.Naoki.E01.2013.BR720P.x265-ER.mkv,179
1735916693,37,Hanzawa.Naoki.E01.2013.BR720P.x265-ER,/run/media/ntdtimshel/HGST/torrent/Japanese Drama Collection H-M/Hanzawa Naoki (2013)/Hanzawa.Naoki.E01.2013.BR720P.x265-ER.mkv,179
1735921286,,,/run/media/ntdtimshel/HGST/torrent/Japanese Drama Collection H-M/Love Revolution (2001)/Love_Revolution_01.mkv,123
1735921369,,,/run/media/ntdtimshel/HGST/torrent/Japanese Drama Collection H-M/Majo no Jouken (1999)/Majo_No_Jouken_01.mkv,121
1735921608,,,/run/media/ntdtimshel/HGST/torrent/Japanese Drama Collection H-M/Mei-chan no Shitsuji (2009)/mei_chan_no_suji_01.mp4,129
1735921648,,,/run/media/ntdtimshel/HGST/torrent/Japanese Drama Collection H-M/Messiah Eisei no Shou (2015)/Messiah_ Eisei no Shou - Episode 1 (480p_30fps_H264-128kbit_AAC).mp4,175
1735944846,,,/run/media/ntdtimshel/HGST/torrent/[MagicStar] Kemono ni Narenai Watashitachi [WEBDL] [1080p] [AMZN] [JPN_ENG_CHS_CHT_SUB]/Kemono.ni.Narenai.Watashitachi.EP01.1080p.AMZN.WEB-DL.DDP2.0.H.264-MagicStar.mkv,216
1735945226,,,/run/media/ntdtimshel/HGST/torrent/Japanese Drama Collection H-M/Liar Game (2007-2012) (Japanese)/LIAR GAME (2007)/[nop] Liar Game - Season 1 - 01.mkv,163
1735945356,,,/run/media/ntdtimshel/HGST/torrent/Japanese Drama Collection H-M/Liar Game (2007-2012) (Japanese)/LIAR GAME 2 (2009)/[nop] Liar Game - Season 2 - 01.mkv,165
1735947387,,,/run/media/ntdtimshel/HGST/torrent/Domain-Driven Design in Practice/01. Introduction/01. Getting Started.mp4,121
1736064574,,,/run/media/ntdtimshel/HGST/torrent/[MagicStar] Kurosagi 2006 [WEBDL] [1080p] [Netflix] [JPN_ENG_CHT_SUB]/Kurosagi.2006.EP01.1080p.NF.WEB-DL.AAC2.0.H.264-MagicStar.mkv,179
1736259619,,,/run/media/ntdtimshel/HGST/torrent/[MagicStar] Kemono ni Narenai Watashitachi [WEBDL] [1080p] [AMZN] [JPN_ENG_CHS_CHT_SUB]/Kemono.ni.Narenai.Watashitachi.EP07.1080p.AMZN.WEB-DL.DDP2.0.H.264-MagicStar.mkv,216
1736259863,,,/run/media/ntdtimshel/HGST/torrent/[MagicStar] Kurosagi 2006 [WEBDL] [1080p] [Netflix] [JPN_ENG_CHT_SUB]/Kurosagi.2006.EP01.1080p.NF.WEB-DL.AAC2.0.H.264-MagicStar.mkv,179
1736261293,,,/run/media/ntdtimshel/HGST/torrent/[MagicStar] Kurosagi 2006 [WEBDL] [1080p] [Netflix] [JPN_ENG_CHT_SUB]/Kurosagi.2006.EP02.1080p.NF.WEB-DL.AAC2.0.H.264-MagicStar.mkv,179
1736261396,,,/run/media/ntdtimshel/HGST/torrent/[MagicStar] Jigoku no Hate made Tsureteiku EP01 [WEBDL] [1080p] [Netflix] [JPN_SUB]/Jigoku.no.Hate.made.Tsureteiku.EP01.1080p.NF.WEB-DL.AAC2.0.H.264-MagicStar.mkv,210
1736261490,,,/run/media/ntdtimshel/HGST/torrent/[MagicStar] TRUE COLORS EP01 [WEBDL] [1080p] [AMZN] [JPN_SUB]/TRUE.COLORS.EP01.1080p.AMZN.WEB-DL.DDP2.0.H.264-MagicStar.mkv,171
1736424285,,,/run/media/ntdtimshel/HGST/torrent/[MagicStar] Kemono ni Narenai Watashitachi [WEBDL] [1080p] [AMZN] [JPN_ENG_CHS_CHT_SUB]/Kemono.ni.Narenai.Watashitachi.EP01.1080p.AMZN.WEB-DL.DDP2.0.H.264-MagicStar.mkv,216
1736424301,,,/run/media/ntdtimshel/HGST/torrent/[MagicStar] Kemono ni Narenai Watashitachi [WEBDL] [1080p] [AMZN] [JPN_ENG_CHS_CHT_SUB]/Kemono.ni.Narenai.Watashitachi.EP06.1080p.AMZN.WEB-DL.DDP2.0.H.264-MagicStar.mkv,216
1736431957,,,/run/media/ntdtimshel/HGST/torrent/[MagicStar] Kemono ni Narenai Watashitachi [WEBDL] [1080p] [AMZN] [JPN_ENG_CHS_CHT_SUB]/Kemono.ni.Narenai.Watashitachi.EP06.1080p.AMZN.WEB-DL.DDP2.0.H.264-MagicStar.mkv,216
1736433131,,,/run/media/ntdtimshel/HGST/torrent/Japanese Drama Collection H-M/Ie Uru Onna (2016-2019)/Ie Uru Onna no Gyakushu (2019)/Ie Uru Onna no Gyakushu ep02 (848x480 x264 AAC).mp4,184
1736513919,,,/run/media/ntdtimshel/HGST/torrent/[MagicStar] Kurosagi 2006 [WEBDL] [1080p] [Netflix] [JPN_ENG_CHT_SUB]/Kurosagi.2006.EP02.1080p.NF.WEB-DL.AAC2.0.H.264-MagicStar.mkv,179
1736513920,,,/run/media/ntdtimshel/HGST/torrent/[MagicStar] Kurosagi 2006 [WEBDL] [1080p] [Netflix] [JPN_ENG_CHT_SUB]/Kurosagi.2006.EP02.1080p.NF.WEB-DL.AAC2.0.H.264-MagicStar.mkv,179
1736513936,,,/run/media/ntdtimshel/HGST/torrent/[MagicStar] Kurosagi 2006 [WEBDL] [1080p] [Netflix] [JPN_ENG_CHT_SUB]/Kurosagi.2006.EP02.1080p.NF.WEB-DL.AAC2.0.H.264-MagicStar.mkv,179
1736515520,,,/run/media/ntdtimshel/HGST/torrent/[MagicStar] Kurosagi 2006 [WEBDL] [1080p] [Netflix] [JPN_ENG_CHT_SUB]/Kurosagi.2006.EP02.1080p.NF.WEB-DL.AAC2.0.H.264-MagicStar.mkv,179
1736525178,,,/run/media/ntdtimshel/HGST/torrent/[MagicStar] Kurosagi 2006 [WEBDL] [1080p] [Netflix] [JPN_ENG_CHT_SUB]/Kurosagi.2006.EP02.1080p.NF.WEB-DL.AAC2.0.H.264-MagicStar.mkv,179
1736601000,,,/run/media/ntdtimshel/HGST/torrent/[MagicStar] Kurosagi 2006 [WEBDL] [1080p] [Netflix] [JPN_ENG_CHT_SUB]/Kurosagi.2006.EP03.1080p.NF.WEB-DL.AAC2.0.H.264-MagicStar.mkv,179
1736602238,,,/run/media/ntdtimshel/HGST/torrent/[MagicStar] Kurosagi 2006 [WEBDL] [1080p] [Netflix] [JPN_ENG_CHT_SUB]/Kurosagi.2006.EP04.1080p.NF.WEB-DL.AAC2.0.H.264-MagicStar.mkv,179
1736602250,,,/run/media/ntdtimshel/HGST/torrent/[MagicStar] Kurosagi 2006 [WEBDL] [1080p] [Netflix] [JPN_ENG_CHT_SUB]/Kurosagi.2006.EP11.1080p.NF.WEB-DL.AAC2.0.H.264-MagicStar.mkv,179
1736602303,,,/run/media/ntdtimshel/HGST/torrent/[MagicStar] Kurosagi 2006 [WEBDL] [1080p] [Netflix] [JPN_ENG_CHT_SUB]/Kurosagi.2006.EP11.1080p.NF.WEB-DL.AAC2.0.H.264-MagicStar.mkv,179
1736606940,,,/run/media/ntdtimshel/HGST/torrent/[MagicStar] Kurosagi 2006 [WEBDL] [1080p] [Netflix] [JPN_ENG_CHT_SUB]/Kurosagi.2006.EP04.1080p.NF.WEB-DL.AAC2.0.H.264-MagicStar.mkv,179
1736609602,,,/run/media/ntdtimshel/HGST/torrent/[MagicStar] Kurosagi 2006 [WEBDL] [1080p] [Netflix] [JPN_ENG_CHT_SUB]/Kurosagi.2006.EP05.1080p.NF.WEB-DL.AAC2.0.H.264-MagicStar.mkv,179
1736648368,,,/run/media/ntdtimshel/HGST/torrent/[MagicStar] TRUE COLORS EP01 [WEBDL] [1080p] [AMZN] [JPN_SUB]/TRUE.COLORS.EP01.1080p.AMZN.WEB-DL.DDP2.0.H.264-MagicStar.mkv,171
1736664291,,,/run/media/ntdtimshel/HGST/torrent/[MagicStar] Kurosagi 2006 [WEBDL] [1080p] [Netflix] [JPN_ENG_CHT_SUB]/Kurosagi.2006.EP04.1080p.NF.WEB-DL.AAC2.0.H.264-MagicStar.mkv,179
1736664299,,,/run/media/ntdtimshel/HGST/torrent/[MagicStar] Kurosagi 2006 [WEBDL] [1080p] [Netflix] [JPN_ENG_CHT_SUB]/Kurosagi.2006.EP05.1080p.NF.WEB-DL.AAC2.0.H.264-MagicStar.mkv,179
1736664684,,,/run/media/ntdtimshel/HGST/torrent/[MagicStar] TRUE COLORS EP01 [WEBDL] [1080p] [AMZN] [JPN_SUB]/TRUE.COLORS.EP01.1080p.AMZN.WEB-DL.DDP2.0.H.264-MagicStar.mkv,171
1736667170,,,/run/media/ntdtimshel/HGST/torrent/[MagicStar] Tokyo Salad Bowl EP01 [WEBDL] [1080p] [AMZN] [JPN_SUB]/Tokyo.Salad.Bowl.EP01.1080p.AMZN.WEB-DL.DDP2.0.H.264-MagicStar.mkv,181
1736688807,,,/run/media/ntdtimshel/HGST/torrent/[MagicStar] Arabashiri EP01 [WEBDL] [1080p] [JPN_SUB]/[MagicStar] Arabashiri EP01 [WEBDL] [1080p].mkv,149
1736688849,,,/run/media/ntdtimshel/HGST/torrent/[MagicStar] Kemono ni Narenai Watashitachi [WEBDL] [1080p] [AMZN] [JPN_ENG_CHS_CHT_SUB]/Kemono.ni.Narenai.Watashitachi.EP09.1080p.AMZN.WEB-DL.DDP2.0.H.264-MagicStar.mkv,216
1736690712,,,/run/media/ntdtimshel/HGST/torrent/[MagicStar] Kemono ni Narenai Watashitachi [WEBDL] [1080p] [AMZN] [JPN_ENG_CHS_CHT_SUB]/Kemono.ni.Narenai.Watashitachi.EP09.1080p.AMZN.WEB-DL.DDP2.0.H.264-MagicStar.mkv,216
1736857967,,,/run/media/ntdtimshel/HGST/torrent/[MagicStar] Kurosagi 2006 [WEBDL] [1080p] [Netflix] [JPN_ENG_CHT_SUB]/Kurosagi.2006.EP06.1080p.NF.WEB-DL.AAC2.0.H.264-MagicStar.mkv,179
1736861213,,,/run/media/ntdtimshel/HGST/torrent/[MagicStar] Kurosagi 2006 [WEBDL] [1080p] [Netflix] [JPN_ENG_CHT_SUB]/Kurosagi.2006.EP06.1080p.NF.WEB-DL.AAC2.0.H.264-MagicStar.mkv,179
1736870046,,,/run/media/ntdtimshel/HGST/torrent/[MagicStar] Kurosagi 2006 [WEBDL] [1080p] [Netflix] [JPN_ENG_CHT_SUB]/Kurosagi.2006.EP06.1080p.NF.WEB-DL.AAC2.0.H.264-MagicStar.mkv,179
1736870654,,,/run/media/ntdtimshel/HGST/torrent/[MagicStar] Kurosagi 2006 [WEBDL] [1080p] [Netflix] [JPN_ENG_CHT_SUB]/Kurosagi.2006.EP07.1080p.NF.WEB-DL.AAC2.0.H.264-MagicStar.mkv,179
1736950500,,,/run/media/ntdtimshel/HGST/torrent/[MagicStar] Kurosagi 2006 [WEBDL] [1080p] [Netflix] [JPN_ENG_CHT_SUB]/Kurosagi.2006.EP07.1080p.NF.WEB-DL.AAC2.0.H.264-MagicStar.mkv,179
1737029740,,,/run/media/ntdtimshel/HGST/torrent/[MagicStar] Kurosagi 2006 [WEBDL] [1080p] [Netflix] [JPN_ENG_CHT_SUB]/Kurosagi.2006.EP08.1080p.NF.WEB-DL.AAC2.0.H.264-MagicStar.mkv,179
1737030897,,,/run/media/ntdtimshel/HGST/torrent/[MagicStar] Kurosagi 2006 [WEBDL] [1080p] [Netflix] [JPN_ENG_CHT_SUB]/Kurosagi.2006.EP08.1080p.NF.WEB-DL.AAC2.0.H.264-MagicStar.mkv,179
1737038239,,,/run/media/ntdtimshel/HGST/torrent/[MagicStar] Kurosagi 2006 [WEBDL] [1080p] [Netflix] [JPN_ENG_CHT_SUB]/Kurosagi.2006.EP08.1080p.NF.WEB-DL.AAC2.0.H.264-MagicStar.mkv,179
1737132500,,,/run/media/ntdtimshel/HGST/torrent/[MagicStar] Kurosagi 2006 [WEBDL] [1080p] [Netflix] [JPN_ENG_CHT_SUB]/Kurosagi.2006.EP09.1080p.NF.WEB-DL.AAC2.0.H.264-MagicStar.mkv,179
1737155126,,,/run/media/ntdtimshel/HGST/torrent/Japanese Drama/Haha ni Naru (2017)/Haha ni Naru ep01 (848x480 x264 AAC).mp4,123
1737155152,36,Juhan Shuttai EP01 720p HDTV x265-ER,/run/media/ntdtimshel/HGST/torrent/Japanese Drama/Juhan Shuttai! (2016)/Juhan Shuttai EP01 720p HDTV x265-ER.mkv,163
1737155205,36,Juhan Shuttai EP01 720p HDTV x265-ER,/run/media/ntdtimshel/HGST/torrent/Japanese Drama/Juhan Shuttai! (2016)/Juhan Shuttai EP01 720p HDTV x265-ER.mkv,163
1737155753,,,/run/media/ntdtimshel/HGST/torrent/Japanese Drama/Kounodori (2015)/[Dorothea] Kounodori EP01 (848x480 x264).mp4,124
1737171968,,,/run/media/ntdtimshel/HGST/torrent/[MagicStar] Kurosagi 2006 [WEBDL] [1080p] [Netflix] [JPN_ENG_CHT_SUB]/Kurosagi.2006.EP09.1080p.NF.WEB-DL.AAC2.0.H.264-MagicStar.mkv,179
1737190789,,,/run/media/ntdtimshel/HGST/torrent/[MagicStar] Kurosagi 2006 [WEBDL] [1080p] [Netflix] [JPN_ENG_CHT_SUB]/Kurosagi.2006.EP10.1080p.NF.WEB-DL.AAC2.0.H.264-MagicStar.mkv,179
1737202402,,,/run/media/ntdtimshel/HGST/torrent/[MagicStar] Kurosagi 2006 [WEBDL] [1080p] [Netflix] [JPN_ENG_CHT_SUB]/Kurosagi.2006.EP09.1080p.NF.WEB-DL.AAC2.0.H.264-MagicStar.mkv,179
1737202468,,,/run/media/ntdtimshel/HGST/torrent/[MagicStar] Kurosagi 2006 [WEBDL] [1080p] [Netflix] [JPN_ENG_CHT_SUB]/Kurosagi.2006.EP10.1080p.NF.WEB-DL.AAC2.0.H.264-MagicStar.mkv,179
1737203455,,,/run/media/ntdtimshel/HGST/torrent/[MagicStar] Kurosagi 2006 [WEBDL] [1080p] [Netflix] [JPN_ENG_CHT_SUB]/Kurosagi.2006.EP11.1080p.NF.WEB-DL.AAC2.0.H.264-MagicStar.mkv,179
1737204236,,,/run/media/ntdtimshel/HGST/torrent/[MagicStar] Kurosagi 2006 [WEBDL] [1080p] [Netflix] [JPN_ENG_CHT_SUB]/Kurosagi.2006.EP11.1080p.NF.WEB-DL.AAC2.0.H.264-MagicStar.mkv,179
1737204242,,,/run/media/ntdtimshel/HGST/torrent/[MagicStar] Kurosagi 2006 [WEBDL] [1080p] [Netflix] [JPN_ENG_CHT_SUB]/Kurosagi.2006.EP11.1080p.NF.WEB-DL.AAC2.0.H.264-MagicStar.mkv,179
1737205307,,,/run/media/ntdtimshel/HGST/torrent/[MagicStar] Kurosagi 2022 [WEBDL] [1080p] [AMZN] [JPN_ENG_CHT_SUB]/Kurosagi.2022.EP01.1080p.AMZN.WEB-DL.DDP2.0.H.264-MagicStar.mkv,178
1737279938,,,/home/ntdtimshel/dwhelper/Xem Phim Vinh Da Tinh Ha Tap 1 VietSub - Thuyet Minh - BiluTV.mp4,104
1737293575,,,/run/media/ntdtimshel/HGST/torrent/[MagicStar] Kurosagi 2022 [WEBDL] [1080p] [AMZN] [JPN_ENG_CHT_SUB]/Kurosagi.2022.EP03.1080p.AMZN.WEB-DL.DDP2.0.H.264-MagicStar.mkv,178
1737294848,,,/run/media/ntdtimshel/HGST/torrent/[MagicStar] Kurosagi 2022 [WEBDL] [1080p] [AMZN] [JPN_ENG_CHT_SUB]/Kurosagi.2022.EP04.1080p.AMZN.WEB-DL.DDP2.0.H.264-MagicStar.mkv,178
1737295320,,,/run/media/ntdtimshel/HGST/torrent/[MagicStar] TRUE COLORS EP02 [WEBDL] [1080p] [AMZN] [JPN_SUB]/TRUE.COLORS.EP02.1080p.AMZN.WEB-DL.DDP2.0.H.264-MagicStar.mkv,171
1737298004,,,/run/media/ntdtimshel/HGST/torrent/[MagicStar] TRUE COLORS EP02 [WEBDL] [1080p] [AMZN] [JPN_SUB]/TRUE.COLORS.EP02.1080p.AMZN.WEB-DL.DDP2.0.H.264-MagicStar.mkv,171
1737301860,,,/run/media/ntdtimshel/HGST/torrent/[MagicStar] Kurosagi 2022 [WEBDL] [1080p] [AMZN] [JPN_ENG_CHT_SUB]/Kurosagi.2022.EP04.1080p.AMZN.WEB-DL.DDP2.0.H.264-MagicStar.mkv,178
1737384039,,,/run/media/timshel/HGST/torrent/[MagicStar] Kurosagi 2022 [WEBDL] [1080p] [AMZN] [JPN_ENG_CHT_SUB]/Kurosagi.2022.EP01.1080p.AMZN.WEB-DL.DDP2.0.H.264-MagicStar.mkv,175
1737384204,,,/run/media/timshel/HGST/torrent/[MagicStar] Forest EP01 [WEBDL] [1080p] [ABEMA-TV] [JPN_SUB]/Forest.EP01.1080p.ABEMA-TV.WEB-DL.AAC2.0.H.264-MagicStar.mkv,166
1737385610,,,/run/media/timshel/HGST/torrent/Japanese Drama/Haha ni Naru (2017)/Haha ni Naru ep05 (848x480 x264 AAC).mp4,120
1737392378,,,/run/media/timshel/HGST/torrent/[MagicStar] Kurosagi 2022 [WEBDL] [1080p] [AMZN] [JPN_ENG_CHT_SUB]/Kurosagi.2022.EP04.1080p.AMZN.WEB-DL.DDP2.0.H.264-MagicStar.mkv,175
1737392415,,,/run/media/timshel/HGST/torrent/[MagicStar] Kurosagi 2022 [WEBDL] [1080p] [AMZN] [JPN_ENG_CHT_SUB]/Kurosagi.2022.EP04.1080p.AMZN.WEB-DL.DDP2.0.H.264-MagicStar.mkv,175
1737477492,,,/run/media/timshel/HGST/torrent/[MagicStar] Kurosagi 2022 [WEBDL] [1080p] [AMZN] [JPN_ENG_CHT_SUB]/Kurosagi.2022.EP07.1080p.AMZN.WEB-DL.DDP2.0.H.264-MagicStar.mkv,175
1737552650,,,/run/media/timshel/HGST/torrent/[MagicStar] TRUE COLORS EP03 [WEBDL] [1080p] [AMZN] [JPN_SUB]/TRUE.COLORS.EP03.1080p.AMZN.WEB-DL.DDP2.0.H.264-MagicStar.mkv,168
1737552896,,,/run/media/timshel/HGST/torrent/Japanese Drama/Karamazov no Kyodai (2013)/karamazov_no_kyoudai.ep01.farah.mkv,122
1737575031,,,/run/media/timshel/HGST/torrent/[MagicStar] Kurosagi 2022 [WEBDL] [1080p] [AMZN] [JPN_ENG_CHT_SUB]/Kurosagi.2022.EP07.1080p.AMZN.WEB-DL.DDP2.0.H.264-MagicStar.mkv,175
1737582341,,,/run/media/timshel/HGST/torrent/Japanese Drama/Haha ni Naru (2017)/Haha ni Naru ep07 (848x480 x264 AAC).mp4,120
1737645484,,,/run/media/timshel/HGST/torrent/[MagicStar] Kurosagi 2022 [WEBDL] [1080p] [AMZN] [JPN_ENG_CHT_SUB]/Kurosagi.2022.EP08.1080p.AMZN.WEB-DL.DDP2.0.H.264-MagicStar.mkv,175
1737819773,,,/run/media/timshel/HGST/torrent/[MagicStar] Kurosagi 2022 [WEBDL] [1080p] [AMZN] [JPN_ENG_CHT_SUB]/Kurosagi.2022.EP04.1080p.AMZN.WEB-DL.DDP2.0.H.264-MagicStar.mkv,175
1737820698,,,/run/media/timshel/HGST/torrent/[MagicStar] Kurosagi 2022 [WEBDL] [1080p] [AMZN] [JPN_ENG_CHT_SUB]/Kurosagi.2022.EP04.1080p.AMZN.WEB-DL.DDP2.0.H.264-MagicStar.mkv,175
1737856039,,,/run/media/timshel/HGST/torrent/Learn/Getting Started Domain Driven Design/dt-dddgs/01. Welcome.mp4,112
1737856111,,,/run/media/timshel/HGST/torrent/Learn/Getting Started Domain Driven Design/dt-dddgs/02. What will you learn in this course.mp4,139
1737856245,,,/run/media/timshel/HGST/torrent/Learn/Getting Started Domain Driven Design/dt-dddgs/03. Who is the course for and prerequisites.mp4,144
1737856436,,,/run/media/timshel/HGST/torrent/Learn/Getting Started Domain Driven Design/dt-dddgs/04. What is Domain-Driven Design.mp4,133
1737856523,,,/run/media/timshel/HGST/torrent/Learn/Getting Started Domain Driven Design/dt-dddgs/05. What is a Domain.mp4,121
1737856790,,,/run/media/timshel/HGST/torrent/Learn/Getting Started Domain Driven Design/dt-dddgs/06. Why you should learn and practice DDD.mp4,142
1737856930,,,/run/media/timshel/HGST/torrent/Learn/Getting Started Domain Driven Design/dt-dddgs/07. The two parts of DDD.mp4,125
1737857227,,,/run/media/timshel/HGST/torrent/Learn/Getting Started Domain Driven Design/dt-dddgs/08. Section Recap.mp4,118
1737857335,,,/run/media/timshel/HGST/torrent/Learn/Getting Started Domain Driven Design/dt-dddgs/09. The domain we’ll be exploring.mp4,136
1737857702,,,/run/media/timshel/HGST/torrent/Learn/Getting Started Domain Driven Design/dt-dddgs/10. The domain’s Ubiquitous Language.mp4,139
1737866640,,,/run/media/timshel/HGST/torrent/[MagicStar] Kurosagi 2022 [WEBDL] [1080p] [AMZN] [JPN_ENG_CHT_SUB]/Kurosagi.2022.EP03.1080p.AMZN.WEB-DL.DDP2.0.H.264-MagicStar.mkv,175
1737873767,,,/run/media/timshel/HGST/torrent/Japanese Drama new/[MagicStar] Kemono ni Narenai Watashitachi [WEBDL] [1080p] [AMZN] [JPN_ENG_CHS_CHT_SUB]/Kemono.ni.Narenai.Watashitachi.EP05.1080p.AMZN.WEB-DL.DDP2.0.H.264-MagicStar.mkv,232
1737873942,,,/run/media/timshel/HGST/torrent/Japanese Drama new/[MagicStar] The Confidence Man JP [WEBDL] [1080p] [Netflix] [JPN_ENG_CHT_SUB]/The.Confidence.Man.JP.EP06.1080p.NF.WEB-DL.AAC2.0.H.264-MagicStar.mkv,211
1737874341,,,/run/media/timshel/HGST/torrent/[MagicStar] Kurosagi 2022 [WEBDL] [1080p] [AMZN] [JPN_ENG_CHT_SUB]/Kurosagi.2022.EP03.1080p.AMZN.WEB-DL.DDP2.0.H.264-MagicStar.mkv,175
1737885360,,,/run/media/timshel/HGST/torrent/[MagicStar] Private Banker EP03 [WEBDL] [1080p] [ABEMA-TV] [JPN_SUB]/Private.Banker.EP03.1080p.ABEMA-TV.WEB-DL.AAC2.0.H.264-MagicStar.mkv,182
1737885399,,,/run/media/timshel/HGST/torrent/Japanese Drama/Haha ni Naru (2017)/Haha ni naru ep10 finale (848x480 x264).mp4,123
1737887699,,,/run/media/timshel/HGST/torrent/[MagicStar] Kurosagi 2022 [WEBDL] [1080p] [AMZN] [JPN_ENG_CHT_SUB]/Kurosagi.2022.EP03.1080p.AMZN.WEB-DL.DDP2.0.H.264-MagicStar.mkv,175
1737896634,,,/run/media/timshel/HGST/torrent/Learn/Getting Started Domain Driven Design/dt-dddgs/10. The domain’s Ubiquitous Language.mp4,139
1737897652,,,/run/media/timshel/HGST/torrent/Learn/Getting Started Domain Driven Design/dt-dddgs/11. Ubiquitous Language as a tool for detecting Domain Objects.mp4,163
1737897729,,,/run/media/timshel/HGST/torrent/Learn/Getting Started Domain Driven Design/dt-dddgs/12. The domain’s invariants.mp4,130
1737898079,,,/run/media/timshel/HGST/torrent/Learn/Getting Started Domain Driven Design/dt-dddgs/13. Enforcing invariants.mp4,125
1737898243,,,/run/media/timshel/HGST/torrent/Learn/Getting Started Domain Driven Design/dt-dddgs/14. Creating the domain objects.mp4,132
1737898564,,,/run/media/timshel/HGST/torrent/Learn/Getting Started Domain Driven Design/dt-dddgs/15. Invariants as Unit Tests.mp4,129
1737899205,,,/run/media/timshel/HGST/torrent/Learn/Getting Started Domain Driven Design/dt-dddgs/16. Enforcing Invariants that rely on dependencies.mp4,151
1737902902,,,/run/media/timshel/HGST/torrent/Japanese Drama new/[MagicStar] The Confidence Man JP [WEBDL] [1080p] [Netflix] [JPN_ENG_CHT_SUB]/The.Confidence.Man.JP.EP09.1080p.NF.WEB-DL.AAC2.0.H.264-MagicStar.mkv,211
